<?xml version="1.0" encoding="UTF-8"?>
<testsuite name="TopMenuTest"
           tests="3"
           failures="0"
           errors="0"
           skipped="0"
           time="2.995">
  <properties />
  
  
            <testcase name="verifyUserShouldNavigateToLaptopsAndNotebooksPageSuccessfully" time="0.890" classname="com.tutorialsninja.testsuite.TopMenuTest" />
                <testcase name="verifyUserShouldNavigateToDesktopsPageSuccessfully" time="1.218" classname="com.tutorialsninja.testsuite.TopMenuTest" />
                <testcase name="verifyUserShouldNavigateToComponentsPageSuccessfully" time="0.887" classname="com.tutorialsninja.testsuite.TopMenuTest" />
      
</testsuite>
