<?xml version="1.0" encoding="UTF-8"?>
<testsuite name="DesktopsTest"
           tests="2"
           failures="0"
           errors="0"
           skipped="0"
           time="12.817">
  <properties />
  
  
            <testcase name="verifyProductAddedToShoppingCartSuccessFully" time="11.204" classname="com.tutorialsninja.testsuite.DesktopsTest" />
                <testcase name="verifyProductArrangeInAlphabeticalOrder" time="1.613" classname="com.tutorialsninja.testsuite.DesktopsTest" />
      
</testsuite>
