<?xml version="1.0" encoding="UTF-8"?>
<testsuite name="LaptopsAndNotebooksTest"
           tests="2"
           failures="0"
           errors="0"
           skipped="0"
           time="11.292">
  <properties />
  
  
            <testcase name="verifyThatUserPlaceOrderSuccessfully" time="9.812" classname="com.tutorialsninja.testsuite.LaptopsAndNotebooksTest" />
                <testcase name="verifyProductsPriceDisplayHighToLowSuccessfully" time="1.480" classname="com.tutorialsninja.testsuite.LaptopsAndNotebooksTest" />
      
</testsuite>
